time="2023-03-29T00:03:49+03:00" level=info msg="create router" func="main.main()" file="app.go:20"
time="2023-03-29T00:03:49+03:00" level=info msg="read application configuration" func="NewApiProd/internal/config.GetConfig.func1()" file="config.go:26"
time="2023-03-29T00:03:49+03:00" level=info func="NewApiProd/internal/config.GetConfig.func1()" file="config.go:30"
time="2023-03-29T00:03:49+03:00" level=fatal msg="open ../../config.yaml: no such file or directory" func="NewApiProd/internal/config.GetConfig.func1()" file="config.go:31"
time="2023-03-29T00:13:29+03:00" level=info msg="create router" func="main.main()" file="app.go:20"
time="2023-03-29T00:13:29+03:00" level=info msg="read application configuration" func="NewApiProd/internal/config.GetConfig.func1()" file="config.go:26"
time="2023-03-29T00:13:29+03:00" level=info func="NewApiProd/internal/config.GetConfig.func1()" file="config.go:30"
time="2023-03-29T00:13:29+03:00" level=fatal msg="open ../../config.yaml: no such file or directory" func="NewApiProd/internal/config.GetConfig.func1()" file="config.go:31"
time="2023-03-29T00:13:34+03:00" level=info msg="create router" func="main.main()" file="app.go:20"
time="2023-03-29T00:13:34+03:00" level=info msg="read application configuration" func="NewApiProd/internal/config.GetConfig.func1()" file="config.go:26"
time="2023-03-29T00:13:34+03:00" level=info func="NewApiProd/internal/config.GetConfig.func1()" file="config.go:30"
time="2023-03-29T00:13:34+03:00" level=fatal msg="open ../../config.yaml: no such file or directory" func="NewApiProd/internal/config.GetConfig.func1()" file="config.go:31"
time="2023-03-29T00:17:08+03:00" level=info msg="create router" func="main.main()" file="app.go:20"
time="2023-03-29T00:17:08+03:00" level=info msg="read application configuration" func="NewApiProd/internal/config.GetConfig.func1()" file="config.go:26"
time="2023-03-29T00:17:08+03:00" level=info msg="register user handler" func="main.main()" file="app.go:25"
time="2023-03-29T00:17:08+03:00" level=info msg="start application" func="main.start()" file="app.go:35"
time="2023-03-29T00:17:08+03:00" level=info msg="detect app path" func="main.start()" file="app.go:41"
time="2023-03-29T00:17:08+03:00" level=info msg="create socket" func="main.start()" file="app.go:46"
time="2023-03-29T00:17:08+03:00" level=info msg="listen unix socket" func="main.start()" file="app.go:49"
time="2023-03-29T00:17:08+03:00" level=info msg="server is listening unix socket: /tmp/go-build1218218967/b001/exe/app.sock" func="main.start()" file="app.go:51"
time="2023-03-29T00:19:24+03:00" level=info msg="create router" func="main.main()" file="app.go:20"
time="2023-03-29T00:19:24+03:00" level=info msg="read application configuration" func="NewApiProd/internal/config.GetConfig.func1()" file="config.go:26"
time="2023-03-29T00:19:24+03:00" level=info func="NewApiProd/internal/config.GetConfig.func1()" file="config.go:30"
time="2023-03-29T00:19:24+03:00" level=fatal msg="open ../../config.yaml: no such file or directory" func="NewApiProd/internal/config.GetConfig.func1()" file="config.go:31"
time="2023-03-29T00:33:02+03:00" level=info msg="create router" func="main.main()" file="app.go:20"
time="2023-03-29T00:33:02+03:00" level=info msg="read application configuration" func="NewApiProd/internal/config.GetConfig.func1()" file="config.go:26"
time="2023-03-29T00:33:02+03:00" level=info func="NewApiProd/internal/config.GetConfig.func1()" file="config.go:30"
time="2023-03-29T00:33:02+03:00" level=fatal msg="open ../../config.yaml: no such file or directory" func="NewApiProd/internal/config.GetConfig.func1()" file="config.go:31"
time="2023-03-29T01:01:10+03:00" level=info msg="create router" func="main.main()" file="app.go:20"
time="2023-03-29T01:01:10+03:00" level=info msg="read application configuration" func="NewApiProd/internal/config.GetConfig.func1()" file="config.go:26"
time="2023-03-29T01:01:10+03:00" level=info func="NewApiProd/internal/config.GetConfig.func1()" file="config.go:30"
time="2023-03-29T01:01:10+03:00" level=fatal msg="open ../../config.yaml: no such file or directory" func="NewApiProd/internal/config.GetConfig.func1()" file="config.go:31"
time="2023-03-29T01:02:04+03:00" level=info msg="create router" func="main.main()" file="app.go:20"
time="2023-03-29T01:02:04+03:00" level=info msg="read application configuration" func="NewApiProd/internal/config.GetConfig.func1()" file="config.go:26"
time="2023-03-29T01:02:04+03:00" level=info msg="register user handler" func="main.main()" file="app.go:25"
time="2023-03-29T01:02:04+03:00" level=info msg="start application" func="main.start()" file="app.go:35"
time="2023-03-29T01:02:04+03:00" level=info msg="detect app path" func="main.start()" file="app.go:41"
time="2023-03-29T01:02:04+03:00" level=info msg="create socket" func="main.start()" file="app.go:46"
time="2023-03-29T01:02:04+03:00" level=info msg="listen unix socket" func="main.start()" file="app.go:49"
time="2023-03-29T01:02:04+03:00" level=info msg="server is listening unix socket: /tmp/go-build230597670/b001/exe/app.sock" func="main.start()" file="app.go:51"
